<?xml version="1.0" encoding="UTF-8" ?>
<testsuite tests="30" failures="0" name="cucumberoptions.TestRunner" time="0.017" errors="0" skipped="0">
  <properties>
    <property name="java.runtime.name" value="OpenJDK Runtime Environment"/>
    <property name="java.vm.version" value="12.0.2+10"/>
    <property name="sun.boot.library.path" value="C:\Program Files\Java\jdk-12.0.2\bin"/>
    <property name="maven.multiModuleProjectDirectory" value="C:\Indra\ws_cucumber\Automation"/>
    <property name="java.vm.vendor" value="Oracle Corporation"/>
    <property name="java.vendor.url" value="https://java.oracle.com/"/>
    <property name="guice.disable.misplaced.annotation.check" value="true"/>
    <property name="path.separator" value=";"/>
    <property name="java.vm.name" value="OpenJDK 64-Bit Server VM"/>
    <property name="sun.os.patch.level" value=""/>
    <property name="user.script" value=""/>
    <property name="user.country" value="ES"/>
    <property name="sun.java.launcher" value="SUN_STANDARD"/>
    <property name="java.vm.specification.name" value="Java Virtual Machine Specification"/>
    <property name="user.dir" value="C:\Indra\ws_cucumber\Automation"/>
    <property name="java.vm.compressedOopsMode" value="Zero based"/>
    <property name="java.runtime.version" value="12.0.2+10"/>
    <property name="java.awt.graphicsenv" value="sun.awt.Win32GraphicsEnvironment"/>
    <property name="os.arch" value="amd64"/>
    <property name="java.io.tmpdir" value="C:\Users\krif0\AppData\Local\Temp\"/>
    <property name="line.separator" value="
"/>
    <property name="java.vm.specification.vendor" value="Oracle Corporation"/>
    <property name="user.variant" value=""/>
    <property name="os.name" value="Windows 10"/>
    <property name="classworlds.conf" value="C:\Indra\ws_cucumber\.metadata\.plugins\org.eclipse.m2e.launching\launches\m2conf4438088943027204420.tmp"/>
    <property name="jansi.force" value="true"/>
    <property name="sun.jnu.encoding" value="Cp1252"/>
    <property name="java.library.path" value="C:\Program Files\Java\jdk-12.0.2\bin;C:\Windows\Sun\Java\bin;C:\Windows\system32;C:\Windows;C:/Program Files/Java/jre1.8.0_231/bin/server;C:/Program Files/Java/jre1.8.0_231/bin;C:/Program Files/Java/jre1.8.0_231/lib/amd64;C:\Program Files (x86)\Common Files\Oracle\Java\javapath;C:\Windows\system32;C:\Windows;C:\Windows\System32\Wbem;C:\Windows\System32\WindowsPowerShell\v1.0\;C:\Windows\System32\OpenSSH\;C:\Program Files (x86)\NVIDIA Corporation\PhysX\Common;C:\Program Files\NVIDIA Corporation\NVIDIA NvDLISR;C:\Program Files\nodejs\;C:\Program Files (x86)\Yarn\bin\;C:\Program Files\Git\cmd;C:\Program Files (x86)\Brackets\command;C:\Program Files\openssl-0.9.8k_X64\bin;C:\Program Files\openssl-0.9.8k_X64\openssl.cnf;C:\Program Files\Java\jdk-12.0.2\bin;C:\Program Files\apache-maven-3.6.2\bin;C:\Users\krif0\AppData\Local\Microsoft\WindowsApps;C:\Users\krif0\AppData\Roaming\npm;C:\Users\krif0\AppData\Local\Yarn\bin;C:\Users\krif0\AppData\Local\Programs\Microsoft VS Code\bin;C:\Indra\sts-4.4.1.RELEASE;;."/>
    <property name="jansi.passthrough" value="true"/>
    <property name="jdk.debug" value="release"/>
    <property name="java.class.version" value="56.0"/>
    <property name="java.specification.name" value="Java Platform API Specification"/>
    <property name="sun.management.compiler" value="HotSpot 64-Bit Tiered Compilers"/>
    <property name="os.version" value="10.0"/>
    <property name="user.home" value="C:\Users\krif0"/>
    <property name="user.timezone" value="America/Bogota"/>
    <property name="file.encoding" value="Cp1252"/>
    <property name="java.specification.version" value="12"/>
    <property name="user.name" value="krif0"/>
    <property name="java.class.path" value="C:\Indra\sts-4.4.1.RELEASE\plugins\org.eclipse.m2e.maven.runtime_1.13.0.20190716-1623\jars\plexus-classworlds-2.6.0.jar"/>
    <property name="java.vm.specification.version" value="12"/>
    <property name="sun.arch.data.model" value="64"/>
    <property name="sun.java.command" value="org.codehaus.plexus.classworlds.launcher.Launcher -B install -Dstyle.color=always"/>
    <property name="java.home" value="C:\Program Files\Java\jdk-12.0.2"/>
    <property name="user.language" value="es"/>
    <property name="java.specification.vendor" value="Oracle Corporation"/>
    <property name="awt.toolkit" value="sun.awt.windows.WToolkit"/>
    <property name="java.vm.info" value="mixed mode, sharing"/>
    <property name="java.version" value="12.0.2"/>
    <property name="java.vendor" value="Oracle Corporation"/>
    <property name="maven.home" value="C:\Indra\ws_cucumber\Automation\EMBEDDED"/>
    <property name="style.color" value="always"/>
    <property name="file.separator" value="\"/>
    <property name="java.version.date" value="2019-07-16"/>
    <property name="java.vendor.url.bug" value="https://bugreport.java.com/bugreport/"/>
    <property name="sun.io.unicode.encoding" value="UnicodeLittle"/>
    <property name="sun.cpu.endian" value="little"/>
    <property name="sun.desktop" value="windows"/>
    <property name="sun.cpu.isalist" value="amd64"/>
  </properties>
  <testcase classname="Scenario: Respueta de microservicio exitosa" name="Given Que el microservicio de consulta de saldos y consumos se encuentra operativo" time="0.001"/>
  <testcase classname="Scenario: Respueta de microservicio exitosa" name="Given Que se consume el microservicio de consulta de saldos y consumos" time="0"/>
  <testcase classname="Scenario: Respueta de microservicio exitosa" name="When Se envía una solicitud al microservicio correcta" time="0"/>
  <testcase classname="Scenario: Respueta de microservicio exitosa" name="Then el microservicio genera una respuesta exitosa" time="0"/>
  <testcase classname="Scenario: Respueta de microservicio exitosa" name="Scenario: Respueta de microservicio exitosa" time="0.002"/>
  <testcase classname="| http://10.112.229.140:9011/Customer/ChargeCalculationAndBalanceManagement/BalanceManagement/ManageBalanceOperations/v3 | ns2:queryOCSBalancesAndBoltonsResponse | ns2:showBalances | false |" name="Given Que el microservicio de consulta de saldos y consumos se encuentra operativo" time="0"/>
  <testcase classname="| http://10.112.229.140:9011/Customer/ChargeCalculationAndBalanceManagement/BalanceManagement/ManageBalanceOperations/v3 | ns2:queryOCSBalancesAndBoltonsResponse | ns2:showBalances | false |" name="Given Que se consume el microservicio de consulta de saldos y consumos 2" time="0"/>
  <testcase classname="| http://10.112.229.140:9011/Customer/ChargeCalculationAndBalanceManagement/BalanceManagement/ManageBalanceOperations/v3 | ns2:queryOCSBalancesAndBoltonsResponse | ns2:showBalances | false |" name="When Se envía una solicitud al microservicio http://10.112.229.140:9011/Customer/ChargeCalculationAndBalanceManagement/BalanceManagement/ManageBalanceOperations/v3 correcta  con ns2:queryOCSBalancesAndBoltonsResponse" time="0"/>
  <testcase classname="| http://10.112.229.140:9011/Customer/ChargeCalculationAndBalanceManagement/BalanceManagement/ManageBalanceOperations/v3 | ns2:queryOCSBalancesAndBoltonsResponse | ns2:showBalances | false |" name="Then el microservicio genera una respuesta del tag ns2:showBalances exitosa false" time="0"/>
  <testcase classname="| http://10.112.229.140:9011/Customer/ChargeCalculationAndBalanceManagement/BalanceManagement/ManageBalanceOperations/v3 | ns2:queryOCSBalancesAndBoltonsResponse | ns2:showBalances | false |" name="| http://10.112.229.140:9011/Customer/ChargeCalculationAndBalanceManagement/BalanceManagement/ManageBalanceOperations/v3 | ns2:queryOCSBalancesAndBoltonsResponse | ns2:showBalances | false |" time="0.001"/>
  <testcase classname="| http://10.112.229.140:9011/Customer/ChargeCalculationAndBalanceManagement/BalanceManagement/ManageBalanceOperations/v3 | ns3:subscriberBalance | ns3:type | SaldoRecargas |" name="Given Que el microservicio de consulta de saldos y consumos se encuentra operativo" time="0"/>
  <testcase classname="| http://10.112.229.140:9011/Customer/ChargeCalculationAndBalanceManagement/BalanceManagement/ManageBalanceOperations/v3 | ns3:subscriberBalance | ns3:type | SaldoRecargas |" name="Given Que se consume el microservicio de consulta de saldos y consumos 2" time="0"/>
  <testcase classname="| http://10.112.229.140:9011/Customer/ChargeCalculationAndBalanceManagement/BalanceManagement/ManageBalanceOperations/v3 | ns3:subscriberBalance | ns3:type | SaldoRecargas |" name="When Se envía una solicitud al microservicio http://10.112.229.140:9011/Customer/ChargeCalculationAndBalanceManagement/BalanceManagement/ManageBalanceOperations/v3 correcta  con ns3:subscriberBalance" time="0.001"/>
  <testcase classname="| http://10.112.229.140:9011/Customer/ChargeCalculationAndBalanceManagement/BalanceManagement/ManageBalanceOperations/v3 | ns3:subscriberBalance | ns3:type | SaldoRecargas |" name="Then el microservicio genera una respuesta del tag ns3:type exitosa SaldoRecargas" time="0.001"/>
  <testcase classname="| http://10.112.229.140:9011/Customer/ChargeCalculationAndBalanceManagement/BalanceManagement/ManageBalanceOperations/v3 | ns3:subscriberBalance | ns3:type | SaldoRecargas |" name="| http://10.112.229.140:9011/Customer/ChargeCalculationAndBalanceManagement/BalanceManagement/ManageBalanceOperations/v3 | ns3:subscriberBalance | ns3:type | SaldoRecargas |" time="0.003"/>
  <testcase classname="| http://10.112.229.140:9011/Customer/ChargeCalculationAndBalanceManagement/BalanceManagement/ManageBalanceOperations/v3 | ns6:subscriberBolton | ns6:subscriberBoltonId | X93 |" name="Given Que el microservicio de consulta de saldos y consumos se encuentra operativo" time="0"/>
  <testcase classname="| http://10.112.229.140:9011/Customer/ChargeCalculationAndBalanceManagement/BalanceManagement/ManageBalanceOperations/v3 | ns6:subscriberBolton | ns6:subscriberBoltonId | X93 |" name="Given Que se consume el microservicio de consulta de saldos y consumos 2" time="0.001"/>
  <testcase classname="| http://10.112.229.140:9011/Customer/ChargeCalculationAndBalanceManagement/BalanceManagement/ManageBalanceOperations/v3 | ns6:subscriberBolton | ns6:subscriberBoltonId | X93 |" name="When Se envía una solicitud al microservicio http://10.112.229.140:9011/Customer/ChargeCalculationAndBalanceManagement/BalanceManagement/ManageBalanceOperations/v3 correcta  con ns6:subscriberBolton" time="0"/>
  <testcase classname="| http://10.112.229.140:9011/Customer/ChargeCalculationAndBalanceManagement/BalanceManagement/ManageBalanceOperations/v3 | ns6:subscriberBolton | ns6:subscriberBoltonId | X93 |" name="Then el microservicio genera una respuesta del tag ns6:subscriberBoltonId exitosa X93" time="0"/>
  <testcase classname="| http://10.112.229.140:9011/Customer/ChargeCalculationAndBalanceManagement/BalanceManagement/ManageBalanceOperations/v3 | ns6:subscriberBolton | ns6:subscriberBoltonId | X93 |" name="| http://10.112.229.140:9011/Customer/ChargeCalculationAndBalanceManagement/BalanceManagement/ManageBalanceOperations/v3 | ns6:subscriberBolton | ns6:subscriberBoltonId | X93 |" time="0.002"/>
  <testcase classname="| true | ns2:subscriberBalancesList | true |" name="Given Que el microservicio de consulta de saldos y consumos se encuentra operativo" time="0"/>
  <testcase classname="| true | ns2:subscriberBalancesList | true |" name="Given Se consume el microservicio" time="0"/>
  <testcase classname="| true | ns2:subscriberBalancesList | true |" name="When Se envia la solicitud al tag getBalances con el estado true" time="0"/>
  <testcase classname="| true | ns2:subscriberBalancesList | true |" name="Then el microservicio responde en este tag ns2:subscriberBalancesList este estado true" time="0"/>
  <testcase classname="| true | ns2:subscriberBalancesList | true |" name="| true | ns2:subscriberBalancesList | true |" time="0.001"/>
  <testcase classname="| false | ns2:subscriberBalancesList | false |" name="Given Que el microservicio de consulta de saldos y consumos se encuentra operativo" time="0"/>
  <testcase classname="| false | ns2:subscriberBalancesList | false |" name="Given Se consume el microservicio" time="0"/>
  <testcase classname="| false | ns2:subscriberBalancesList | false |" name="When Se envia la solicitud al tag getBalances con el estado false" time="0"/>
  <testcase classname="| false | ns2:subscriberBalancesList | false |" name="Then el microservicio responde en este tag ns2:subscriberBalancesList este estado false" time="0.001"/>
  <testcase classname="| false | ns2:subscriberBalancesList | false |" name="| false | ns2:subscriberBalancesList | false |" time="0.003"/>
</testsuite>